  FST.cpp
E:\3 семестр\КПО\Лаба 16\SELab16\SELab16\FST.cpp(5,2): error C2653: RELATION: не является именем класса или пространства имен
  (компиляция исходного файла "/FST.cpp")
  
E:\3 семестр\КПО\Лаба 16\SELab16\SELab16\FST.cpp(5,12): error C4430: отсутствует спецификатор типа - предполагается int. Примечание. C++ не поддерживает int по умолчанию
  (компиляция исходного файла "/FST.cpp")
  
E:\3 семестр\КПО\Лаба 16\SELab16\SELab16\FST.cpp(6,3): error C2065: symbol: необъявленный идентификатор
  (компиляция исходного файла "/FST.cpp")
  
E:\3 семестр\КПО\Лаба 16\SELab16\SELab16\FST.cpp(7,3): error C2065: nnode: необъявленный идентификатор
  (компиляция исходного файла "/FST.cpp")
  
E:\3 семестр\КПО\Лаба 16\SELab16\SELab16\FST.cpp(8,2): warning C4508: FST::RELATION: функция должна возвращать значение; предполагается возвращаемый тип "void"
  (компиляция исходного файла "/FST.cpp")
  
E:\3 семестр\КПО\Лаба 16\SELab16\SELab16\FST.cpp(10,2): error C2653: NODE: не является именем класса или пространства имен
  (компиляция исходного файла "/FST.cpp")
  
E:\3 семестр\КПО\Лаба 16\SELab16\SELab16\FST.cpp(10,8): error C4430: отсутствует спецификатор типа - предполагается int. Примечание. C++ не поддерживает int по умолчанию
  (компиляция исходного файла "/FST.cpp")
  
E:\3 семестр\КПО\Лаба 16\SELab16\SELab16\FST.cpp(11,3): error C2065: n_relation: необъявленный идентификатор
  (компиляция исходного файла "/FST.cpp")
  
E:\3 семестр\КПО\Лаба 16\SELab16\SELab16\FST.cpp(12,13): error C2065: relations: необъявленный идентификатор
  (компиляция исходного файла "/FST.cpp")
  
E:\3 семестр\КПО\Лаба 16\SELab16\SELab16\FST.cpp(13,2): warning C4508: FST::NODE: функция должна возвращать значение; предполагается возвращаемый тип "void"
  (компиляция исходного файла "/FST.cpp")
  
E:\3 семестр\КПО\Лаба 16\SELab16\SELab16\FST.cpp(15,2): error C2653: NODE: не является именем класса или пространства имен
  (компиляция исходного файла "/FST.cpp")
  
E:\3 семестр\КПО\Лаба 16\SELab16\SELab16\FST.cpp(15,22): error C2061: синтаксическая ошибка: идентификатор "RELATION"
  (компиляция исходного файла "/FST.cpp")
  
E:\3 семестр\КПО\Лаба 16\SELab16\SELab16\FST.cpp(15,8): error C4430: отсутствует спецификатор типа - предполагается int. Примечание. C++ не поддерживает int по умолчанию
  (компиляция исходного файла "/FST.cpp")
  
E:\3 семестр\КПО\Лаба 16\SELab16\SELab16\FST.cpp(16,3): error C2065: n_relation: необъявленный идентификатор
  (компиляция исходного файла "/FST.cpp")
  
E:\3 семестр\КПО\Лаба 16\SELab16\SELab16\FST.cpp(17,13): error C2065: p: необъявленный идентификатор
  (компиляция исходного файла "/FST.cpp")
  
E:\3 семестр\КПО\Лаба 16\SELab16\SELab16\FST.cpp(17,18): error C2065: rel: необъявленный идентификатор
  (компиляция исходного файла "/FST.cpp")
  
E:\3 семестр\КПО\Лаба 16\SELab16\SELab16\FST.cpp(18,3): error C2065: relations: необъявленный идентификатор
  (компиляция исходного файла "/FST.cpp")
  
E:\3 семестр\КПО\Лаба 16\SELab16\SELab16\FST.cpp(18,19): error C2061: синтаксическая ошибка: идентификатор "RELATION"
  (компиляция исходного файла "/FST.cpp")
  
E:\3 семестр\КПО\Лаба 16\SELab16\SELab16\FST.cpp(19,33): error C2065: relations: необъявленный идентификатор
  (компиляция исходного файла "/FST.cpp")
  
E:\3 семестр\КПО\Лаба 16\SELab16\SELab16\FST.cpp(19,48): error C2065: p: необъявленный идентификатор
  (компиляция исходного файла "/FST.cpp")
  
E:\3 семестр\КПО\Лаба 16\SELab16\SELab16\FST.cpp(20,2): warning C4508: FST::NODE: функция должна возвращать значение; предполагается возвращаемый тип "void"
  (компиляция исходного файла "/FST.cpp")
  
E:\3 семестр\КПО\Лаба 16\SELab16\SELab16\FST.cpp(22,7): error C2039: "FST": не является членом "FST".
  (компиляция исходного файла "/FST.cpp")
      E:\3 семестр\КПО\Лаба 16\SELab16\SELab16\FST.cpp(4,11):
       см. объявление "FST"
  
E:\3 семестр\КПО\Лаба 16\SELab16\SELab16\FST.cpp(22,30): error C2061: синтаксическая ошибка: идентификатор "NODE"
  (компиляция исходного файла "/FST.cpp")
  
E:\3 семестр\КПО\Лаба 16\SELab16\SELab16\FST.cpp(22,7): error C4430: отсутствует спецификатор типа - предполагается int. Примечание. C++ не поддерживает int по умолчанию
  (компиляция исходного файла "/FST.cpp")
  
E:\3 семестр\КПО\Лаба 16\SELab16\SELab16\FST.cpp(23,10): error C2513: std::basic_string<char,std::char_traits<char>,std::allocator<char>>: нет переменных, объявленных перед "="
  (компиляция исходного файла "/FST.cpp")
  
E:\3 семестр\КПО\Лаба 16\SELab16\SELab16\FST.cpp(24,3): error C2065: nstates: необъявленный идентификатор
  (компиляция исходного файла "/FST.cpp")
  
E:\3 семестр\КПО\Лаба 16\SELab16\SELab16\FST.cpp(25,3): error C2065: nodes: необъявленный идентификатор
  (компиляция исходного файла "/FST.cpp")
  
E:\3 семестр\КПО\Лаба 16\SELab16\SELab16\FST.cpp(25,15): error C2061: синтаксическая ошибка: идентификатор "NODE"
  (компиляция исходного файла "/FST.cpp")
  
E:\3 семестр\КПО\Лаба 16\SELab16\SELab16\FST.cpp(26,9): error C2065: p: необъявленный идентификатор
  (компиляция исходного файла "/FST.cpp")
  
E:\3 семестр\КПО\Лаба 16\SELab16\SELab16\FST.cpp(26,3): error C2563: несоответствие в списке формальных параметров
  (компиляция исходного файла "/FST.cpp")
  
E:\3 семестр\КПО\Лаба 16\SELab16\SELab16\FST.cpp(26,14): error C2065: n: необъявленный идентификатор
  (компиляция исходного файла "/FST.cpp")
  
E:\3 семестр\КПО\Лаба 16\SELab16\SELab16\FST.cpp(27,32): error C2065: nodes: необъявленный идентификатор
  (компиляция исходного файла "/FST.cpp")
  
E:\3 семестр\КПО\Лаба 16\SELab16\SELab16\FST.cpp(27,43): error C2065: p: необъявленный идентификатор
  (компиляция исходного файла "/FST.cpp")
  
E:\3 семестр\КПО\Лаба 16\SELab16\SELab16\FST.cpp(28,3): error C2065: rstates: необъявленный идентификатор
  (компиляция исходного файла "/FST.cpp")
  
E:\3 семестр\КПО\Лаба 16\SELab16\SELab16\FST.cpp(28,23): error C2065: nstates: необъявленный идентификатор
  (компиляция исходного файла "/FST.cpp")
  
E:\3 семестр\КПО\Лаба 16\SELab16\SELab16\FST.cpp(29,10): error C2065: rstates: необъявленный идентификатор
  (компиляция исходного файла "/FST.cpp")
  
E:\3 семестр\КПО\Лаба 16\SELab16\SELab16\FST.cpp(29,41): error C2065: nstates: необъявленный идентификатор
  (компиляция исходного файла "/FST.cpp")
  
E:\3 семестр\КПО\Лаба 16\SELab16\SELab16\FST.cpp(30,3): error C2065: rstates: необъявленный идентификатор
  (компиляция исходного файла "/FST.cpp")
  
E:\3 семестр\КПО\Лаба 16\SELab16\SELab16\FST.cpp(31,3): error C2065: position: необъявленный идентификатор
  (компиляция исходного файла "/FST.cpp")
  
E:\3 семестр\КПО\Лаба 16\SELab16\SELab16\FST.cpp(32,2): warning C4508: FST::FST: функция должна возвращать значение; предполагается возвращаемый тип "void"
  (компиляция исходного файла "/FST.cpp")
  
E:\3 семестр\КПО\Лаба 16\SELab16\SELab16\FST.cpp(34,17): error C2065: fst: необъявленный идентификатор
  (компиляция исходного файла "/FST.cpp")
  
E:\3 семестр\КПО\Лаба 16\SELab16\SELab16\FST.cpp(34,22): error C2062: тип "short" не требуется
  (компиляция исходного файла "/FST.cpp")
  
E:\3 семестр\КПО\Лаба 16\SELab16\SELab16\FST.cpp(35,2): error C2143: синтаксическая ошибка: отсутствие ";" перед "{"
  (компиляция исходного файла "/FST.cpp")
  
E:\3 семестр\КПО\Лаба 16\SELab16\SELab16\FST.cpp(35,2): error C2447: {: отсутствует заголовок функции (возможно, используется формальный список старого типа)
  (компиляция исходного файла "/FST.cpp")
  
E:\3 семестр\КПО\Лаба 16\SELab16\SELab16\FST.cpp(52,20): error C2065: fst: необъявленный идентификатор
  (компиляция исходного файла "/FST.cpp")
  
E:\3 семестр\КПО\Лаба 16\SELab16\SELab16\FST.cpp(53,2): error C2143: синтаксическая ошибка: отсутствие ";" перед "{"
  (компиляция исходного файла "/FST.cpp")
  
E:\3 семестр\КПО\Лаба 16\SELab16\SELab16\FST.cpp(53,2): error C2447: {: отсутствует заголовок функции (возможно, используется формальный список старого типа)
  (компиляция исходного файла "/FST.cpp")
  
