Текст:без ошибки 
Текст без ошибок 
--— Аргументы —— 
 -in: in.txt
 -out: in.txt.out
 -log: in.txt.log

--— Протокол —— 
23.09.2024 18:35:50 —— 
--— Параметры —— 
Количество символов: 590
Строк: 35
Пропущено: 0


Таблица Лексем:
01 tfi(ti,ti)
02 {
03 dti;
04 i=iv(ivi);
05 ri;
06 };
07 tfi(ti,ti)
08 {
09 dti;
10 dtfi(ti,ti,
11 ti);
12 i=i(i,l,l)vi;
13 ri;
14 };
15 m
16 {
17 dti;
18 dti;
19 dti;
20 dti;
21 dti;
22 dti;
23 dti(ti);
24 i=l;
25 i=l;
26 i=l;
27 i=l;
28 i=i(i,i);
29 i=i(i,i);
30 pl;
31 pi;
32 pi;
33 pi(i);
34 rl;
35 };